2019-03-01 01:46:30 +0000  Initial pipeline context: <IDEDistributionProcessingPipelineContext: 0x7fd84e1d3710; archive(resolved)='<IDEArchive: 0x7fd8406284c0>', distributionTask(resolved)='2', distributionMethod(resolved)='<IDEDistributionMethodDevelopmentSigned: 0x7fd849b79cf0>', team(resolved)='<IDEProvisioningBasicTeam: 0x7fd844f001a0; teamID='6WA6Y7KBQJ', teamName='THE WINDOW SPECIALISTS'>'>
	Chain (11, self inclusive):
	<IDEDistributionProcessingPipelineContext: 0x7fd84e1d3710; archive = '<IDEArchive: 0x7fd8406284c0>', distributionMethod='<IDEDistributionMethodDevelopmentSigned: 0x7fd849b79cf0>', team='<IDEProvisioningBasicTeam: 0x7fd844f001a0; teamID='6WA6Y7KBQJ', teamName='THE WINDOW SPECIALISTS'>'>
	<IDEDistributionProcessingPipelineContext: 0x7fd8464f9800; archive = '<IDEArchive: 0x7fd8406284c0>', distributionMethod='<IDEDistributionMethodDevelopmentSigned: 0x7fd849b79cf0>', team='<IDEProvisioningBasicTeam: 0x7fd844f001a0; teamID='6WA6Y7KBQJ', teamName='THE WINDOW SPECIALISTS'>'>
	<IDEDistributionContext: 0x7fd849e77520; archive = '<IDEArchive: 0x7fd8406284c0>', distributionMethod='<IDEDistributionMethodDevelopmentSigned: 0x7fd849b79cf0>', team='<IDEProvisioningBasicTeam: 0x7fd844f001a0; teamID='6WA6Y7KBQJ', teamName='THE WINDOW SPECIALISTS'>'>
	<IDEDistributionContext: 0x7fd84e0c8210; archive = '<IDEArchive: 0x7fd8406284c0>', distributionMethod='<IDEDistributionMethodDevelopmentSigned: 0x7fd849b79cf0>', team='<IDEProvisioningBasicTeam: 0x7fd844f001a0; teamID='6WA6Y7KBQJ', teamName='THE WINDOW SPECIALISTS'>'>
	<IDEDistributionContext: 0x7fd847108ac0; archive = '<IDEArchive: 0x7fd8406284c0>', distributionMethod='<IDEDistributionMethodDevelopmentSigned: 0x7fd849b79cf0>', team='<IDEProvisioningBasicTeam: 0x7fd844f001a0; teamID='6WA6Y7KBQJ', teamName='THE WINDOW SPECIALISTS'>'>
	<IDEDistributionContext: 0x7fd84c4a0ef0; archive = '<IDEArchive: 0x7fd8406284c0>', distributionMethod='<IDEDistributionMethodDevelopmentSigned: 0x7fd849b79cf0>', team='<IDEProvisioningBasicTeam: 0x7fd844f001a0; teamID='6WA6Y7KBQJ', teamName='THE WINDOW SPECIALISTS'>'>
	<IDEDistributionContext: 0x7fd84600ec00; archive = '<IDEArchive: 0x7fd8406284c0>', distributionMethod='<IDEDistributionMethodDevelopmentSigned: 0x7fd849b79cf0>', team='<IDEProvisioningBasicTeam: 0x7fd844f001a0; teamID='6WA6Y7KBQJ', teamName='THE WINDOW SPECIALISTS'>'>
	<IDEDistributionContext: 0x7fd845317d90; archive = '<IDEArchive: 0x7fd8406284c0>', distributionMethod='<IDEDistributionMethodDevelopmentSigned: 0x7fd849b79cf0>', team='<IDEProvisioningBasicTeam: 0x7fd844f001a0; teamID='6WA6Y7KBQJ', teamName='THE WINDOW SPECIALISTS'>'>
	<IDEDistributionContext: 0x7fd8436aef40; archive = '<IDEArchive: 0x7fd8406284c0>', distributionMethod='<IDEDistributionMethodDevelopmentSigned: 0x7fd849b79cf0>', team='<IDEProvisioningBasicTeam: 0x7fd844f001a0; teamID='6WA6Y7KBQJ', teamName='THE WINDOW SPECIALISTS'>'>
	<IDEDistributionContext: 0x7fd849ed3a80; archive = '<IDEArchive: 0x7fd8406284c0>', distributionMethod='<IDEDistributionMethodDevelopmentSigned: 0x7fd849b79cf0>', team='(null)'>
	<IDEDistributionContext: 0x7fd844f03800; archive = '<IDEArchive: 0x7fd8406284c0>', distributionMethod='(null)', team='(null)'>
</IDEDistributionProcessingPipelineContext: 0x7fd84e1d3710>
2019-03-01 01:46:30 +0000  Processing step: IDEDistributionCreateDestRootStep
2019-03-01 01:46:30 +0000  Processing step: IDEDistributionCopyItemStep
2019-03-01 01:46:30 +0000  Running /usr/bin/ditto '-V' '/Users/jessica/Library/Developer/Xcode/Archives/2019-02-28/Set 2-28-19, 5.46 PM.xcarchive/Products/Applications/Set.app' '/var/folders/2g/jdnl3zx17g73m4_0r599rlk00000gn/T/XcodeDistPipeline.s1P/Root/Payload/Set.app'
2019-03-01 01:46:30 +0000  >>> Copying /Users/jessica/Library/Developer/Xcode/Archives/2019-02-28/Set 2-28-19, 5.46 PM.xcarchive/Products/Applications/Set.app 
2019-03-01 01:46:30 +0000  copying file ./_CodeSignature/CodeResources ... 
2019-03-01 01:46:30 +0000  6917 bytes for ./_CodeSignature/CodeResources
2019-03-01 01:46:30 +0000  copying file ./Base.lproj/Main.storyboardc/UIViewController-BYZ-38-t0r.nib ... 
2019-03-01 01:46:30 +0000  974 bytes for ./Base.lproj/Main.storyboardc/UIViewController-BYZ-38-t0r.nib
copying file ./Base.lproj/Main.storyboardc/BYZ-38-t0r-view-8bC-Xf-vdC.nib ... 
2019-03-01 01:46:30 +0000  16036 bytes for ./Base.lproj/Main.storyboardc/BYZ-38-t0r-view-8bC-Xf-vdC.nib
copying file ./Base.lproj/Main.storyboardc/Info.plist ... 
2019-03-01 01:46:30 +0000  258 bytes for ./Base.lproj/Main.storyboardc/Info.plist
2019-03-01 01:46:30 +0000  copying file ./Base.lproj/LaunchScreen.storyboardc/01J-lp-oVM-view-Ze5-6b-2t3.nib ... 
2019-03-01 01:46:30 +0000  1136 bytes for ./Base.lproj/LaunchScreen.storyboardc/01J-lp-oVM-view-Ze5-6b-2t3.nib
copying file ./Base.lproj/LaunchScreen.storyboardc/UIViewController-01J-lp-oVM.nib ... 
2019-03-01 01:46:30 +0000  832 bytes for ./Base.lproj/LaunchScreen.storyboardc/UIViewController-01J-lp-oVM.nib
2019-03-01 01:46:30 +0000  copying file ./Base.lproj/LaunchScreen.storyboardc/Info.plist ... 
2019-03-01 01:46:30 +0000  258 bytes for ./Base.lproj/LaunchScreen.storyboardc/Info.plist
2019-03-01 01:46:30 +0000  copying file ./Set ... 
2019-03-01 01:46:30 +0000  395456 bytes for ./Set
2019-03-01 01:46:30 +0000  copying file ./Frameworks/libswiftCoreImage.dylib ... 
2019-03-01 01:46:30 +0000  349408 bytes for ./Frameworks/libswiftCoreImage.dylib
copying file ./Frameworks/libswiftObjectiveC.dylib ... 
2019-03-01 01:46:30 +0000  595872 bytes for ./Frameworks/libswiftObjectiveC.dylib
2019-03-01 01:46:30 +0000  copying file ./Frameworks/libswiftCore.dylib ... 
2019-03-01 01:46:30 +0000  66704544 bytes for ./Frameworks/libswiftCore.dylib
2019-03-01 01:46:30 +0000  copying file ./Frameworks/libswiftCoreGraphics.dylib ... 
2019-03-01 01:46:30 +0000  1637568 bytes for ./Frameworks/libswiftCoreGraphics.dylib
copying file ./Frameworks/libswiftUIKit.dylib ... 
2019-03-01 01:46:30 +0000  1084800 bytes for ./Frameworks/libswiftUIKit.dylib
2019-03-01 01:46:30 +0000  copying file ./Frameworks/libswiftMetal.dylib ... 
2019-03-01 01:46:30 +0000  457904 bytes for ./Frameworks/libswiftMetal.dylib
copying file ./Frameworks/libswiftDispatch.dylib ... 
2019-03-01 01:46:30 +0000  2731104 bytes for ./Frameworks/libswiftDispatch.dylib
2019-03-01 01:46:30 +0000  copying file ./Frameworks/libswiftos.dylib ... 
2019-03-01 01:46:30 +0000  506160 bytes for ./Frameworks/libswiftos.dylib
2019-03-01 01:46:30 +0000  copying file ./Frameworks/libswiftCoreFoundation.dylib ... 
2019-03-01 01:46:30 +0000  299520 bytes for ./Frameworks/libswiftCoreFoundation.dylib
copying file ./Frameworks/libswiftDarwin.dylib ... 
2019-03-01 01:46:30 +0000  847744 bytes for ./Frameworks/libswiftDarwin.dylib
2019-03-01 01:46:30 +0000  copying file ./Frameworks/libswiftQuartzCore.dylib ... 
2019-03-01 01:46:30 +0000  352384 bytes for ./Frameworks/libswiftQuartzCore.dylib
copying file ./Frameworks/libswiftFoundation.dylib ... 
2019-03-01 01:46:30 +0000  30089440 bytes for ./Frameworks/libswiftFoundation.dylib
2019-03-01 01:46:30 +0000  copying file ./embedded.mobileprovision ... 
2019-03-01 01:46:30 +0000  13410 bytes for ./embedded.mobileprovision
copying file ./Info.plist ... 
2019-03-01 01:46:30 +0000  1104 bytes for ./Info.plist
2019-03-01 01:46:30 +0000  copying file ./PkgInfo ... 
8 bytes for ./PkgInfo
2019-03-01 01:46:30 +0000  
2019-03-01 01:46:30 +0000  /usr/bin/ditto exited with 02019-03-01 01:46:30 +0000  

2019-03-01 01:46:30 +0000  2019-03-01 01:46:30 +0000  Processing step: IDEDistributionEmbedProfileStep

2019-03-01 01:46:30 +0000  Skipping profile for item: <IDEDistributionItem: 0x7fd84a4080f0 'com.apple.dt.runtime.swiftCore' '<DVTFilePath:0x7fd849c6a740:'/Users/jessica/Library/Developer/Xcode/Archives/2019-02-28/Set 2-28-19, 5.46 PM.xcarchive/Products/Applications/Set.app/Frameworks/libswiftCore.dylib'>'>
2019-03-01 01:46:30 +0000  Skipping profile for item: <IDEDistributionItem: 0x7fd844f685e0 'com.apple.dt.runtime.swiftCoreFoundation' '<DVTFilePath:0x7fd84dea67f0:'/Users/jessica/Library/Developer/Xcode/Archives/2019-02-28/Set 2-28-19, 5.46 PM.xcarchive/Products/Applications/Set.app/Frameworks/libswiftCoreFoundation.dylib'>'>
2019-03-01 01:46:30 +0000  Skipping profile for item: <IDEDistributionItem: 0x7fd84e1566f0 'com.apple.dt.runtime.swiftCoreGraphics' '<DVTFilePath:0x7fd8474a8850:'/Users/jessica/Library/Developer/Xcode/Archives/2019-02-28/Set 2-28-19, 5.46 PM.xcarchive/Products/Applications/Set.app/Frameworks/libswiftCoreGraphics.dylib'>'>
2019-03-01 01:46:30 +0000  Skipping profile for item: <IDEDistributionItem: 0x7fd84df81830 'com.apple.dt.runtime.swiftCoreImage' '<DVTFilePath:0x7fd846264390:'/Users/jessica/Library/Developer/Xcode/Archives/2019-02-28/Set 2-28-19, 5.46 PM.xcarchive/Products/Applications/Set.app/Frameworks/libswiftCoreImage.dylib'>'>
2019-03-01 01:46:30 +0000  Skipping profile for item: <IDEDistributionItem: 0x7fd84c21e2c0 'com.apple.dt.runtime.swiftDarwin' '<DVTFilePath:0x7fd84ad68460:'/Users/jessica/Library/Developer/Xcode/Archives/2019-02-28/Set 2-28-19, 5.46 PM.xcarchive/Products/Applications/Set.app/Frameworks/libswiftDarwin.dylib'>'>
2019-03-01 01:46:30 +0000  Skipping profile for item: <IDEDistributionItem: 0x7fd84aedee90 'com.apple.dt.runtime.swiftDispatch' '<DVTFilePath:0x7fd8453b4c20:'/Users/jessica/Library/Developer/Xcode/Archives/2019-02-28/Set 2-28-19, 5.46 PM.xcarchive/Products/Applications/Set.app/Frameworks/libswiftDispatch.dylib'>'>
2019-03-01 01:46:30 +0000  Skipping profile for item: <IDEDistributionItem: 0x7fd84a41a410 'com.apple.dt.runtime.swiftFoundation' '<DVTFilePath:0x7fd8453ce300:'/Users/jessica/Library/Developer/Xcode/Archives/2019-02-28/Set 2-28-19, 5.46 PM.xcarchive/Products/Applications/Set.app/Frameworks/libswiftFoundation.dylib'>'>
2019-03-01 01:46:30 +0000  Skipping profile for item: <IDEDistributionItem: 0x7fd8476a56b0 'com.apple.dt.runtime.swiftMetal' '<DVTFilePath:0x7fd845521430:'/Users/jessica/Library/Developer/Xcode/Archives/2019-02-28/Set 2-28-19, 5.46 PM.xcarchive/Products/Applications/Set.app/Frameworks/libswiftMetal.dylib'>'>
2019-03-01 01:46:30 +0000  Skipping profile for item: <IDEDistributionItem: 0x7fd84993e250 'com.apple.dt.runtime.swiftObjectiveC' '<DVTFilePath:0x7fd849c9c700:'/Users/jessica/Library/Developer/Xcode/Archives/2019-02-28/Set 2-28-19, 5.46 PM.xcarchive/Products/Applications/Set.app/Frameworks/libswiftObjectiveC.dylib'>'>
2019-03-01 01:46:30 +0000  Skipping profile for item: <IDEDistributionItem: 0x7fd84dce38e0 'com.apple.dt.runtime.swiftQuartzCore' '<DVTFilePath:0x7fd8435113c0:'/Users/jessica/Library/Developer/Xcode/Archives/2019-02-28/Set 2-28-19, 5.46 PM.xcarchive/Products/Applications/Set.app/Frameworks/libswiftQuartzCore.dylib'>'>
2019-03-01 01:46:30 +0000  Skipping profile for item: <IDEDistributionItem: 0x7fd84dc58240 'com.apple.dt.runtime.swiftUIKit' '<DVTFilePath:0x7fd84be1c760:'/Users/jessica/Library/Developer/Xcode/Archives/2019-02-28/Set 2-28-19, 5.46 PM.xcarchive/Products/Applications/Set.app/Frameworks/libswiftUIKit.dylib'>'>
2019-03-01 01:46:30 +0000  Skipping profile for item: <IDEDistributionItem: 0x7fd8466cfb40 'com.apple.dt.runtime.swiftos' '<DVTFilePath:0x7fd84b1c51b0:'/Users/jessica/Library/Developer/Xcode/Archives/2019-02-28/Set 2-28-19, 5.46 PM.xcarchive/Products/Applications/Set.app/Frameworks/libswiftos.dylib'>'>
2019-03-01 01:46:30 +0000  Processing step: IDEDistributionAppThinningPlistStep
2019-03-01 01:46:30 +0000  Skipping step: IDEDistributionAppThinningPlistStep because it said so
2019-03-01 01:46:30 +0000  Processing step: IDEDistributionCompileBitcodeStep
2019-03-01 01:46:30 +0000  Skipping step: IDEDistributionCompileBitcodeStep because it said so
2019-03-01 01:46:30 +0000  Processing step: IDEDistributionCodeSlimmingStep
2019-03-01 01:46:30 +0000  Processing step: IDEDistributionCopyBCSymbolMapsStep
2019-03-01 01:46:30 +0000  Skipping step: IDEDistributionCopyBCSymbolMapsStep because it said so
2019-03-01 01:46:30 +0000  Skipping step: IDEDistributionCopyBCSymbolMapsStep because it said so
2019-03-01 01:46:30 +0000  Skipping step: IDEDistributionCopyBCSymbolMapsStep because it said so
2019-03-01 01:46:30 +0000  Skipping step: IDEDistributionCopyBCSymbolMapsStep because it said so
2019-03-01 01:46:30 +0000  Skipping step: IDEDistributionCopyBCSymbolMapsStep because it said so
2019-03-01 01:46:30 +0000  Skipping step: IDEDistributionCopyBCSymbolMapsStep because it said so
2019-03-01 01:46:30 +0000  Skipping step: IDEDistributionCopyBCSymbolMapsStep because it said so
2019-03-01 01:46:30 +0000  Skipping step: IDEDistributionCopyBCSymbolMapsStep because it said so
2019-03-01 01:46:30 +0000  Skipping step: IDEDistributionCopyBCSymbolMapsStep because it said so
2019-03-01 01:46:30 +0000  Skipping step: IDEDistributionCopyBCSymbolMapsStep because it said so
2019-03-01 01:46:30 +0000  Skipping step: IDEDistributionCopyBCSymbolMapsStep because it said so
2019-03-01 01:46:30 +0000  Skipping step: IDEDistributionCopyBCSymbolMapsStep because it said so
2019-03-01 01:46:30 +0000  Skipping step: IDEDistributionCopyBCSymbolMapsStep because it said so
2019-03-01 01:46:30 +0000  Processing step: IDEDistributionSymbolsStep
2019-03-01 01:46:30 +0000  Skipping step: IDEDistributionSymbolsStep because it said so
2019-03-01 01:46:30 +0000  Skipping step: IDEDistributionSymbolsStep because it said so
2019-03-01 01:46:30 +0000  Skipping step: IDEDistributionSymbolsStep because it said so
2019-03-01 01:46:30 +0000  Skipping step: IDEDistributionSymbolsStep because it said so
2019-03-01 01:46:30 +0000  Skipping step: IDEDistributionSymbolsStep because it said so
2019-03-01 01:46:30 +0000  Skipping step: IDEDistributionSymbolsStep because it said so
2019-03-01 01:46:30 +0000  Skipping step: IDEDistributionSymbolsStep because it said so
2019-03-01 01:46:30 +0000  Skipping step: IDEDistributionSymbolsStep because it said so
2019-03-01 01:46:30 +0000  Skipping step: IDEDistributionSymbolsStep because it said so
2019-03-01 01:46:30 +0000  Skipping step: IDEDistributionSymbolsStep because it said so
2019-03-01 01:46:30 +0000  Skipping step: IDEDistributionSymbolsStep because it said so
2019-03-01 01:46:30 +0000  Skipping step: IDEDistributionSymbolsStep because it said so
2019-03-01 01:46:30 +0000  Skipping step: IDEDistributionSymbolsStep because it said so
2019-03-01 01:46:30 +0000  Processing step: IDEDistributionAppThinningStep
2019-03-01 01:46:30 +0000  Skipping step: IDEDistributionAppThinningStep because it said so
2019-03-01 01:46:30 +0000  Processing step: IDEDistributionODRStep
2019-03-01 01:46:30 +0000  Processing step: IDEDistributionStripXattrsStep
2019-03-01 01:46:30 +0000  Skipping stripping extended attributes of item: <IDEDistributionItem: 0x7fd84a4080f0 'com.apple.dt.runtime.swiftCore' '<DVTFilePath:0x7fd849c6a740:'/Users/jessica/Library/Developer/Xcode/Archives/2019-02-28/Set 2-28-19, 5.46 PM.xcarchive/Products/Applications/Set.app/Frameworks/libswiftCore.dylib'>'>
2019-03-01 01:46:30 +0000  Skipping stripping extended attributes of item: <IDEDistributionItem: 0x7fd844f685e0 'com.apple.dt.runtime.swiftCoreFoundation' '<DVTFilePath:0x7fd84dea67f0:'/Users/jessica/Library/Developer/Xcode/Archives/2019-02-28/Set 2-28-19, 5.46 PM.xcarchive/Products/Applications/Set.app/Frameworks/libswiftCoreFoundation.dylib'>'>
2019-03-01 01:46:30 +0000  Skipping stripping extended attributes of item: <IDEDistributionItem: 0x7fd84e1566f0 'com.apple.dt.runtime.swiftCoreGraphics' '<DVTFilePath:0x7fd8474a8850:'/Users/jessica/Library/Developer/Xcode/Archives/2019-02-28/Set 2-28-19, 5.46 PM.xcarchive/Products/Applications/Set.app/Frameworks/libswiftCoreGraphics.dylib'>'>
2019-03-01 01:46:30 +0000  Skipping stripping extended attributes of item: <IDEDistributionItem: 0x7fd84df81830 'com.apple.dt.runtime.swiftCoreImage' '<DVTFilePath:0x7fd846264390:'/Users/jessica/Library/Developer/Xcode/Archives/2019-02-28/Set 2-28-19, 5.46 PM.xcarchive/Products/Applications/Set.app/Frameworks/libswiftCoreImage.dylib'>'>
2019-03-01 01:46:30 +0000  Skipping stripping extended attributes of item: <IDEDistributionItem: 0x7fd84c21e2c0 'com.apple.dt.runtime.swiftDarwin' '<DVTFilePath:0x7fd84ad68460:'/Users/jessica/Library/Developer/Xcode/Archives/2019-02-28/Set 2-28-19, 5.46 PM.xcarchive/Products/Applications/Set.app/Frameworks/libswiftDarwin.dylib'>'>
2019-03-01 01:46:30 +0000  Skipping stripping extended attributes of item: <IDEDistributionItem: 0x7fd84aedee90 'com.apple.dt.runtime.swiftDispatch' '<DVTFilePath:0x7fd8453b4c20:'/Users/jessica/Library/Developer/Xcode/Archives/2019-02-28/Set 2-28-19, 5.46 PM.xcarchive/Products/Applications/Set.app/Frameworks/libswiftDispatch.dylib'>'>
2019-03-01 01:46:30 +0000  Skipping stripping extended attributes of item: <IDEDistributionItem: 0x7fd84a41a410 'com.apple.dt.runtime.swiftFoundation' '<DVTFilePath:0x7fd8453ce300:'/Users/jessica/Library/Developer/Xcode/Archives/2019-02-28/Set 2-28-19, 5.46 PM.xcarchive/Products/Applications/Set.app/Frameworks/libswiftFoundation.dylib'>'>
2019-03-01 01:46:30 +0000  Skipping stripping extended attributes of item: <IDEDistributionItem: 0x7fd8476a56b0 'com.apple.dt.runtime.swiftMetal' '<DVTFilePath:0x7fd845521430:'/Users/jessica/Library/Developer/Xcode/Archives/2019-02-28/Set 2-28-19, 5.46 PM.xcarchive/Products/Applications/Set.app/Frameworks/libswiftMetal.dylib'>'>
2019-03-01 01:46:30 +0000  Skipping stripping extended attributes of item: <IDEDistributionItem: 0x7fd84993e250 'com.apple.dt.runtime.swiftObjectiveC' '<DVTFilePath:0x7fd849c9c700:'/Users/jessica/Library/Developer/Xcode/Archives/2019-02-28/Set 2-28-19, 5.46 PM.xcarchive/Products/Applications/Set.app/Frameworks/libswiftObjectiveC.dylib'>'>
2019-03-01 01:46:30 +0000  Skipping stripping extended attributes of item: <IDEDistributionItem: 0x7fd84dce38e0 'com.apple.dt.runtime.swiftQuartzCore' '<DVTFilePath:0x7fd8435113c0:'/Users/jessica/Library/Developer/Xcode/Archives/2019-02-28/Set 2-28-19, 5.46 PM.xcarchive/Products/Applications/Set.app/Frameworks/libswiftQuartzCore.dylib'>'>
2019-03-01 01:46:30 +0000  Skipping stripping extended attributes of item: <IDEDistributionItem: 0x7fd84dc58240 'com.apple.dt.runtime.swiftUIKit' '<DVTFilePath:0x7fd84be1c760:'/Users/jessica/Library/Developer/Xcode/Archives/2019-02-28/Set 2-28-19, 5.46 PM.xcarchive/Products/Applications/Set.app/Frameworks/libswiftUIKit.dylib'>'>
2019-03-01 01:46:30 +0000  Skipping stripping extended attributes of item: <IDEDistributionItem: 0x7fd8466cfb40 'com.apple.dt.runtime.swiftos' '<DVTFilePath:0x7fd84b1c51b0:'/Users/jessica/Library/Developer/Xcode/Archives/2019-02-28/Set 2-28-19, 5.46 PM.xcarchive/Products/Applications/Set.app/Frameworks/libswiftos.dylib'>'>
2019-03-01 01:46:30 +0000  Running /usr/bin/xattr '-crs' '/var/folders/2g/jdnl3zx17g73m4_0r599rlk00000gn/T/XcodeDistPipeline.s1P/Root/Payload/Set.app'
2019-03-01 01:46:30 +0000  2019-03-01 01:46:30 +0000  

2019-03-01 01:46:30 +0000  /usr/bin/xattr exited with 0
2019-03-01 01:46:30 +0000  2019-03-01 01:46:30 +0000  

2019-03-01 01:46:30 +0000  Processing step: IDEDistributionCodesignStep
2019-03-01 01:46:30 +0000  Entitlements for <IDEDistributionItem: 0x7fd84a4080f0 'com.apple.dt.runtime.swiftCore' '<DVTFilePath:0x7fd849c6a740:'/Users/jessica/Library/Developer/Xcode/Archives/2019-02-28/Set 2-28-19, 5.46 PM.xcarchive/Products/Applications/Set.app/Frameworks/libswiftCore.dylib'>'>: {
}
2019-03-01 01:46:30 +0000  Writing entitlements for <IDEDistributionItem: 0x7fd84a4080f0 'com.apple.dt.runtime.swiftCore' '<DVTFilePath:0x7fd849c6a740:'/Users/jessica/Library/Developer/Xcode/Archives/2019-02-28/Set 2-28-19, 5.46 PM.xcarchive/Products/Applications/Set.app/Frameworks/libswiftCore.dylib'>'> to: /var/folders/2g/jdnl3zx17g73m4_0r599rlk00000gn/T/XcodeDistPipeline.s1P/entitlementsVAXLvy
2019-03-01 01:46:30 +0000  Running /usr/bin/codesign '-vvv' '--force' '--sign' '1FAAF939D2B4BBA6D737D41E2B742441F1C99F53' '--preserve-metadata=identifier,flags' '--entitlements' '/var/folders/2g/jdnl3zx17g73m4_0r599rlk00000gn/T/XcodeDistPipeline.s1P/entitlementsVAXLvy' '/var/folders/2g/jdnl3zx17g73m4_0r599rlk00000gn/T/XcodeDistPipeline.s1P/Root/Payload/Set.app/Frameworks/libswiftCore.dylib'
2019-03-01 01:46:31 +0000  /var/folders/2g/jdnl3zx17g73m4_0r599rlk00000gn/T/XcodeDistPipeline.s1P/Root/Payload/Set.app/Frameworks/libswiftCore.dylib: signed Mach-O universal (armv7 armv7s arm64) [com.apple.dt.runtime.swiftCore]
2019-03-01 01:46:31 +0000  
2019-03-01 01:46:31 +0000  
2019-03-01 01:46:31 +0000  /usr/bin/codesign exited with 02019-03-01 01:46:31 +0000  
2019-03-01 01:46:31 +0000  

2019-03-01 01:46:31 +0000  
2019-03-01 01:46:31 +0000  Entitlements for <IDEDistributionItem: 0x7fd844f685e0 'com.apple.dt.runtime.swiftCoreFoundation' '<DVTFilePath:0x7fd84dea67f0:'/Users/jessica/Library/Developer/Xcode/Archives/2019-02-28/Set 2-28-19, 5.46 PM.xcarchive/Products/Applications/Set.app/Frameworks/libswiftCoreFoundation.dylib'>'>: {
}
2019-03-01 01:46:31 +0000  Writing entitlements for <IDEDistributionItem: 0x7fd844f685e0 'com.apple.dt.runtime.swiftCoreFoundation' '<DVTFilePath:0x7fd84dea67f0:'/Users/jessica/Library/Developer/Xcode/Archives/2019-02-28/Set 2-28-19, 5.46 PM.xcarchive/Products/Applications/Set.app/Frameworks/libswiftCoreFoundation.dylib'>'> to: /var/folders/2g/jdnl3zx17g73m4_0r599rlk00000gn/T/XcodeDistPipeline.s1P/entitlementsFG29QB
2019-03-01 01:46:31 +0000  Running /usr/bin/codesign '-vvv' '--force' '--sign' '1FAAF939D2B4BBA6D737D41E2B742441F1C99F53' '--preserve-metadata=identifier,flags' '--entitlements' '/var/folders/2g/jdnl3zx17g73m4_0r599rlk00000gn/T/XcodeDistPipeline.s1P/entitlementsFG29QB' '/var/folders/2g/jdnl3zx17g73m4_0r599rlk00000gn/T/XcodeDistPipeline.s1P/Root/Payload/Set.app/Frameworks/libswiftCoreFoundation.dylib'
2019-03-01 01:46:31 +0000  /var/folders/2g/jdnl3zx17g73m4_0r599rlk00000gn/T/XcodeDistPipeline.s1P/Root/Payload/Set.app/Frameworks/libswiftCoreFoundation.dylib: signed Mach-O universal (armv7 armv7s arm64) [com.apple.dt.runtime.swiftCoreFoundation]
2019-03-01 01:46:31 +0000  2019-03-01 01:46:31 +0000  

2019-03-01 01:46:31 +0000  /usr/bin/codesign exited with 0
2019-03-01 01:46:31 +0000  
2019-03-01 01:46:31 +0000  Entitlements for <IDEDistributionItem: 0x7fd84e1566f0 'com.apple.dt.runtime.swiftCoreGraphics' '<DVTFilePath:0x7fd8474a8850:'/Users/jessica/Library/Developer/Xcode/Archives/2019-02-28/Set 2-28-19, 5.46 PM.xcarchive/Products/Applications/Set.app/Frameworks/libswiftCoreGraphics.dylib'>'>: {
}
2019-03-01 01:46:31 +0000  Writing entitlements for <IDEDistributionItem: 0x7fd84e1566f0 'com.apple.dt.runtime.swiftCoreGraphics' '<DVTFilePath:0x7fd8474a8850:'/Users/jessica/Library/Developer/Xcode/Archives/2019-02-28/Set 2-28-19, 5.46 PM.xcarchive/Products/Applications/Set.app/Frameworks/libswiftCoreGraphics.dylib'>'> to: /var/folders/2g/jdnl3zx17g73m4_0r599rlk00000gn/T/XcodeDistPipeline.s1P/entitlements0ZhUsy
2019-03-01 01:46:31 +0000  Running /usr/bin/codesign '-vvv' '--force' '--sign' '1FAAF939D2B4BBA6D737D41E2B742441F1C99F53' '--preserve-metadata=identifier,flags' '--entitlements' '/var/folders/2g/jdnl3zx17g73m4_0r599rlk00000gn/T/XcodeDistPipeline.s1P/entitlements0ZhUsy' '/var/folders/2g/jdnl3zx17g73m4_0r599rlk00000gn/T/XcodeDistPipeline.s1P/Root/Payload/Set.app/Frameworks/libswiftCoreGraphics.dylib'
2019-03-01 01:46:31 +0000  /var/folders/2g/jdnl3zx17g73m4_0r599rlk00000gn/T/XcodeDistPipeline.s1P/Root/Payload/Set.app/Frameworks/libswiftCoreGraphics.dylib: signed Mach-O universal (armv7 armv7s arm64) [com.apple.dt.runtime.swiftCoreGraphics]
2019-03-01 01:46:31 +0000  
2019-03-01 01:46:31 +0000  
2019-03-01 01:46:31 +0000  2019-03-01 01:46:31 +0000  /usr/bin/codesign exited with 0
2019-03-01 01:46:31 +0000  

2019-03-01 01:46:31 +0000  Entitlements for <IDEDistributionItem: 0x7fd84df81830 'com.apple.dt.runtime.swiftCoreImage' '<DVTFilePath:0x7fd846264390:'/Users/jessica/Library/Developer/Xcode/Archives/2019-02-28/Set 2-28-19, 5.46 PM.xcarchive/Products/Applications/Set.app/Frameworks/libswiftCoreImage.dylib'>'>: {
}
2019-03-01 01:46:31 +0000  Writing entitlements for <IDEDistributionItem: 0x7fd84df81830 'com.apple.dt.runtime.swiftCoreImage' '<DVTFilePath:0x7fd846264390:'/Users/jessica/Library/Developer/Xcode/Archives/2019-02-28/Set 2-28-19, 5.46 PM.xcarchive/Products/Applications/Set.app/Frameworks/libswiftCoreImage.dylib'>'> to: /var/folders/2g/jdnl3zx17g73m4_0r599rlk00000gn/T/XcodeDistPipeline.s1P/entitlementsB2npjy
2019-03-01 01:46:31 +0000  Running /usr/bin/codesign '-vvv' '--force' '--sign' '1FAAF939D2B4BBA6D737D41E2B742441F1C99F53' '--preserve-metadata=identifier,flags' '--entitlements' '/var/folders/2g/jdnl3zx17g73m4_0r599rlk00000gn/T/XcodeDistPipeline.s1P/entitlementsB2npjy' '/var/folders/2g/jdnl3zx17g73m4_0r599rlk00000gn/T/XcodeDistPipeline.s1P/Root/Payload/Set.app/Frameworks/libswiftCoreImage.dylib'
2019-03-01 01:46:31 +0000  /var/folders/2g/jdnl3zx17g73m4_0r599rlk00000gn/T/XcodeDistPipeline.s1P/Root/Payload/Set.app/Frameworks/libswiftCoreImage.dylib: signed Mach-O universal (armv7 armv7s arm64) [com.apple.dt.runtime.swiftCoreImage]
2019-03-01 01:46:31 +0000  
2019-03-01 01:46:31 +0000  2019-03-01 01:46:31 +0000  /usr/bin/codesign exited with 0

2019-03-01 01:46:31 +0000  
2019-03-01 01:46:31 +0000  Entitlements for <IDEDistributionItem: 0x7fd84c21e2c0 'com.apple.dt.runtime.swiftDarwin' '<DVTFilePath:0x7fd84ad68460:'/Users/jessica/Library/Developer/Xcode/Archives/2019-02-28/Set 2-28-19, 5.46 PM.xcarchive/Products/Applications/Set.app/Frameworks/libswiftDarwin.dylib'>'>: {
}
2019-03-01 01:46:31 +0000  Writing entitlements for <IDEDistributionItem: 0x7fd84c21e2c0 'com.apple.dt.runtime.swiftDarwin' '<DVTFilePath:0x7fd84ad68460:'/Users/jessica/Library/Developer/Xcode/Archives/2019-02-28/Set 2-28-19, 5.46 PM.xcarchive/Products/Applications/Set.app/Frameworks/libswiftDarwin.dylib'>'> to: /var/folders/2g/jdnl3zx17g73m4_0r599rlk00000gn/T/XcodeDistPipeline.s1P/entitlements7unVDm
2019-03-01 01:46:31 +0000  Running /usr/bin/codesign '-vvv' '--force' '--sign' '1FAAF939D2B4BBA6D737D41E2B742441F1C99F53' '--preserve-metadata=identifier,flags' '--entitlements' '/var/folders/2g/jdnl3zx17g73m4_0r599rlk00000gn/T/XcodeDistPipeline.s1P/entitlements7unVDm' '/var/folders/2g/jdnl3zx17g73m4_0r599rlk00000gn/T/XcodeDistPipeline.s1P/Root/Payload/Set.app/Frameworks/libswiftDarwin.dylib'
2019-03-01 01:46:31 +0000  /var/folders/2g/jdnl3zx17g73m4_0r599rlk00000gn/T/XcodeDistPipeline.s1P/Root/Payload/Set.app/Frameworks/libswiftDarwin.dylib: signed Mach-O universal (armv7 armv7s arm64) [com.apple.dt.runtime.swiftDarwin]
2019-03-01 01:46:31 +0000  
2019-03-01 01:46:31 +0000  2019-03-01 01:46:31 +0000  /usr/bin/codesign exited with 0
2019-03-01 01:46:31 +0000  

2019-03-01 01:46:31 +0000  Entitlements for <IDEDistributionItem: 0x7fd84aedee90 'com.apple.dt.runtime.swiftDispatch' '<DVTFilePath:0x7fd8453b4c20:'/Users/jessica/Library/Developer/Xcode/Archives/2019-02-28/Set 2-28-19, 5.46 PM.xcarchive/Products/Applications/Set.app/Frameworks/libswiftDispatch.dylib'>'>: {
}
2019-03-01 01:46:31 +0000  Writing entitlements for <IDEDistributionItem: 0x7fd84aedee90 'com.apple.dt.runtime.swiftDispatch' '<DVTFilePath:0x7fd8453b4c20:'/Users/jessica/Library/Developer/Xcode/Archives/2019-02-28/Set 2-28-19, 5.46 PM.xcarchive/Products/Applications/Set.app/Frameworks/libswiftDispatch.dylib'>'> to: /var/folders/2g/jdnl3zx17g73m4_0r599rlk00000gn/T/XcodeDistPipeline.s1P/entitlementssVGi3X
2019-03-01 01:46:31 +0000  Running /usr/bin/codesign '-vvv' '--force' '--sign' '1FAAF939D2B4BBA6D737D41E2B742441F1C99F53' '--preserve-metadata=identifier,flags' '--entitlements' '/var/folders/2g/jdnl3zx17g73m4_0r599rlk00000gn/T/XcodeDistPipeline.s1P/entitlementssVGi3X' '/var/folders/2g/jdnl3zx17g73m4_0r599rlk00000gn/T/XcodeDistPipeline.s1P/Root/Payload/Set.app/Frameworks/libswiftDispatch.dylib'
2019-03-01 01:46:31 +0000  /var/folders/2g/jdnl3zx17g73m4_0r599rlk00000gn/T/XcodeDistPipeline.s1P/Root/Payload/Set.app/Frameworks/libswiftDispatch.dylib: signed Mach-O universal (armv7 armv7s arm64) [com.apple.dt.runtime.swiftDispatch]
2019-03-01 01:46:31 +0000  
2019-03-01 01:46:31 +0000  2019-03-01 01:46:31 +0000  /usr/bin/codesign exited with 0

2019-03-01 01:46:31 +0000  
2019-03-01 01:46:31 +0000  
2019-03-01 01:46:31 +0000  
2019-03-01 01:46:31 +0000  Entitlements for <IDEDistributionItem: 0x7fd84a41a410 'com.apple.dt.runtime.swiftFoundation' '<DVTFilePath:0x7fd8453ce300:'/Users/jessica/Library/Developer/Xcode/Archives/2019-02-28/Set 2-28-19, 5.46 PM.xcarchive/Products/Applications/Set.app/Frameworks/libswiftFoundation.dylib'>'>: {
}
2019-03-01 01:46:31 +0000  Writing entitlements for <IDEDistributionItem: 0x7fd84a41a410 'com.apple.dt.runtime.swiftFoundation' '<DVTFilePath:0x7fd8453ce300:'/Users/jessica/Library/Developer/Xcode/Archives/2019-02-28/Set 2-28-19, 5.46 PM.xcarchive/Products/Applications/Set.app/Frameworks/libswiftFoundation.dylib'>'> to: /var/folders/2g/jdnl3zx17g73m4_0r599rlk00000gn/T/XcodeDistPipeline.s1P/entitlementsK0FE6U
2019-03-01 01:46:31 +0000  Running /usr/bin/codesign '-vvv' '--force' '--sign' '1FAAF939D2B4BBA6D737D41E2B742441F1C99F53' '--preserve-metadata=identifier,flags' '--entitlements' '/var/folders/2g/jdnl3zx17g73m4_0r599rlk00000gn/T/XcodeDistPipeline.s1P/entitlementsK0FE6U' '/var/folders/2g/jdnl3zx17g73m4_0r599rlk00000gn/T/XcodeDistPipeline.s1P/Root/Payload/Set.app/Frameworks/libswiftFoundation.dylib'
2019-03-01 01:46:32 +0000  /var/folders/2g/jdnl3zx17g73m4_0r599rlk00000gn/T/XcodeDistPipeline.s1P/Root/Payload/Set.app/Frameworks/libswiftFoundation.dylib: signed Mach-O universal (armv7 armv7s arm64) [com.apple.dt.runtime.swiftFoundation]
2019-03-01 01:46:32 +0000  
2019-03-01 01:46:32 +0000  2019-03-01 01:46:32 +0000  /usr/bin/codesign exited with 0
2019-03-01 01:46:32 +0000  

2019-03-01 01:46:32 +0000  Entitlements for <IDEDistributionItem: 0x7fd8476a56b0 'com.apple.dt.runtime.swiftMetal' '<DVTFilePath:0x7fd845521430:'/Users/jessica/Library/Developer/Xcode/Archives/2019-02-28/Set 2-28-19, 5.46 PM.xcarchive/Products/Applications/Set.app/Frameworks/libswiftMetal.dylib'>'>: {
}
2019-03-01 01:46:32 +0000  Writing entitlements for <IDEDistributionItem: 0x7fd8476a56b0 'com.apple.dt.runtime.swiftMetal' '<DVTFilePath:0x7fd845521430:'/Users/jessica/Library/Developer/Xcode/Archives/2019-02-28/Set 2-28-19, 5.46 PM.xcarchive/Products/Applications/Set.app/Frameworks/libswiftMetal.dylib'>'> to: /var/folders/2g/jdnl3zx17g73m4_0r599rlk00000gn/T/XcodeDistPipeline.s1P/entitlements2qZYfv
2019-03-01 01:46:32 +0000  Running /usr/bin/codesign '-vvv' '--force' '--sign' '1FAAF939D2B4BBA6D737D41E2B742441F1C99F53' '--preserve-metadata=identifier,flags' '--entitlements' '/var/folders/2g/jdnl3zx17g73m4_0r599rlk00000gn/T/XcodeDistPipeline.s1P/entitlements2qZYfv' '/var/folders/2g/jdnl3zx17g73m4_0r599rlk00000gn/T/XcodeDistPipeline.s1P/Root/Payload/Set.app/Frameworks/libswiftMetal.dylib'
2019-03-01 01:46:32 +0000  /var/folders/2g/jdnl3zx17g73m4_0r599rlk00000gn/T/XcodeDistPipeline.s1P/Root/Payload/Set.app/Frameworks/libswiftMetal.dylib: signed Mach-O universal (armv7 armv7s arm64) [com.apple.dt.runtime.swiftMetal]
2019-03-01 01:46:32 +0000  
2019-03-01 01:46:32 +0000  
2019-03-01 01:46:32 +0000  /usr/bin/codesign exited with 0
2019-03-01 01:46:32 +0000  2019-03-01 01:46:32 +0000  

2019-03-01 01:46:32 +0000  Entitlements for <IDEDistributionItem: 0x7fd84993e250 'com.apple.dt.runtime.swiftObjectiveC' '<DVTFilePath:0x7fd849c9c700:'/Users/jessica/Library/Developer/Xcode/Archives/2019-02-28/Set 2-28-19, 5.46 PM.xcarchive/Products/Applications/Set.app/Frameworks/libswiftObjectiveC.dylib'>'>: {
}
2019-03-01 01:46:32 +0000  Writing entitlements for <IDEDistributionItem: 0x7fd84993e250 'com.apple.dt.runtime.swiftObjectiveC' '<DVTFilePath:0x7fd849c9c700:'/Users/jessica/Library/Developer/Xcode/Archives/2019-02-28/Set 2-28-19, 5.46 PM.xcarchive/Products/Applications/Set.app/Frameworks/libswiftObjectiveC.dylib'>'> to: /var/folders/2g/jdnl3zx17g73m4_0r599rlk00000gn/T/XcodeDistPipeline.s1P/entitlementsOhWZDb
2019-03-01 01:46:32 +0000  Running /usr/bin/codesign '-vvv' '--force' '--sign' '1FAAF939D2B4BBA6D737D41E2B742441F1C99F53' '--preserve-metadata=identifier,flags' '--entitlements' '/var/folders/2g/jdnl3zx17g73m4_0r599rlk00000gn/T/XcodeDistPipeline.s1P/entitlementsOhWZDb' '/var/folders/2g/jdnl3zx17g73m4_0r599rlk00000gn/T/XcodeDistPipeline.s1P/Root/Payload/Set.app/Frameworks/libswiftObjectiveC.dylib'
2019-03-01 01:46:32 +0000  /var/folders/2g/jdnl3zx17g73m4_0r599rlk00000gn/T/XcodeDistPipeline.s1P/Root/Payload/Set.app/Frameworks/libswiftObjectiveC.dylib: signed Mach-O universal (armv7 armv7s arm64) [com.apple.dt.runtime.swiftObjectiveC]
2019-03-01 01:46:32 +0000  
2019-03-01 01:46:32 +0000  
2019-03-01 01:46:32 +0000  
2019-03-01 01:46:32 +0000  
2019-03-01 01:46:32 +0000  2019-03-01 01:46:32 +0000  /usr/bin/codesign exited with 0
2019-03-01 01:46:32 +0000  

2019-03-01 01:46:32 +0000  Entitlements for <IDEDistributionItem: 0x7fd84dce38e0 'com.apple.dt.runtime.swiftQuartzCore' '<DVTFilePath:0x7fd8435113c0:'/Users/jessica/Library/Developer/Xcode/Archives/2019-02-28/Set 2-28-19, 5.46 PM.xcarchive/Products/Applications/Set.app/Frameworks/libswiftQuartzCore.dylib'>'>: {
}
2019-03-01 01:46:32 +0000  Writing entitlements for <IDEDistributionItem: 0x7fd84dce38e0 'com.apple.dt.runtime.swiftQuartzCore' '<DVTFilePath:0x7fd8435113c0:'/Users/jessica/Library/Developer/Xcode/Archives/2019-02-28/Set 2-28-19, 5.46 PM.xcarchive/Products/Applications/Set.app/Frameworks/libswiftQuartzCore.dylib'>'> to: /var/folders/2g/jdnl3zx17g73m4_0r599rlk00000gn/T/XcodeDistPipeline.s1P/entitlementsXFQKjz
2019-03-01 01:46:32 +0000  Running /usr/bin/codesign '-vvv' '--force' '--sign' '1FAAF939D2B4BBA6D737D41E2B742441F1C99F53' '--preserve-metadata=identifier,flags' '--entitlements' '/var/folders/2g/jdnl3zx17g73m4_0r599rlk00000gn/T/XcodeDistPipeline.s1P/entitlementsXFQKjz' '/var/folders/2g/jdnl3zx17g73m4_0r599rlk00000gn/T/XcodeDistPipeline.s1P/Root/Payload/Set.app/Frameworks/libswiftQuartzCore.dylib'
2019-03-01 01:46:32 +0000  /var/folders/2g/jdnl3zx17g73m4_0r599rlk00000gn/T/XcodeDistPipeline.s1P/Root/Payload/Set.app/Frameworks/libswiftQuartzCore.dylib: signed Mach-O universal (armv7 armv7s arm64) [com.apple.dt.runtime.swiftQuartzCore]
2019-03-01 01:46:32 +0000  
2019-03-01 01:46:32 +0000  
2019-03-01 01:46:32 +0000  2019-03-01 01:46:32 +0000  /usr/bin/codesign exited with 0

2019-03-01 01:46:32 +0000  2019-03-01 01:46:32 +0000  

2019-03-01 01:46:32 +0000  Entitlements for <IDEDistributionItem: 0x7fd84dc58240 'com.apple.dt.runtime.swiftUIKit' '<DVTFilePath:0x7fd84be1c760:'/Users/jessica/Library/Developer/Xcode/Archives/2019-02-28/Set 2-28-19, 5.46 PM.xcarchive/Products/Applications/Set.app/Frameworks/libswiftUIKit.dylib'>'>: {
}
2019-03-01 01:46:32 +0000  Writing entitlements for <IDEDistributionItem: 0x7fd84dc58240 'com.apple.dt.runtime.swiftUIKit' '<DVTFilePath:0x7fd84be1c760:'/Users/jessica/Library/Developer/Xcode/Archives/2019-02-28/Set 2-28-19, 5.46 PM.xcarchive/Products/Applications/Set.app/Frameworks/libswiftUIKit.dylib'>'> to: /var/folders/2g/jdnl3zx17g73m4_0r599rlk00000gn/T/XcodeDistPipeline.s1P/entitlementssirXaJ
2019-03-01 01:46:32 +0000  Running /usr/bin/codesign '-vvv' '--force' '--sign' '1FAAF939D2B4BBA6D737D41E2B742441F1C99F53' '--preserve-metadata=identifier,flags' '--entitlements' '/var/folders/2g/jdnl3zx17g73m4_0r599rlk00000gn/T/XcodeDistPipeline.s1P/entitlementssirXaJ' '/var/folders/2g/jdnl3zx17g73m4_0r599rlk00000gn/T/XcodeDistPipeline.s1P/Root/Payload/Set.app/Frameworks/libswiftUIKit.dylib'
2019-03-01 01:46:32 +0000  /var/folders/2g/jdnl3zx17g73m4_0r599rlk00000gn/T/XcodeDistPipeline.s1P/Root/Payload/Set.app/Frameworks/libswiftUIKit.dylib: signed Mach-O universal (armv7 armv7s arm64) [com.apple.dt.runtime.swiftUIKit]
2019-03-01 01:46:32 +0000  
2019-03-01 01:46:32 +0000  /usr/bin/codesign exited with 02019-03-01 01:46:32 +0000  

2019-03-01 01:46:32 +0000  
2019-03-01 01:46:32 +0000  Entitlements for <IDEDistributionItem: 0x7fd8466cfb40 'com.apple.dt.runtime.swiftos' '<DVTFilePath:0x7fd84b1c51b0:'/Users/jessica/Library/Developer/Xcode/Archives/2019-02-28/Set 2-28-19, 5.46 PM.xcarchive/Products/Applications/Set.app/Frameworks/libswiftos.dylib'>'>: {
}
2019-03-01 01:46:32 +0000  Writing entitlements for <IDEDistributionItem: 0x7fd8466cfb40 'com.apple.dt.runtime.swiftos' '<DVTFilePath:0x7fd84b1c51b0:'/Users/jessica/Library/Developer/Xcode/Archives/2019-02-28/Set 2-28-19, 5.46 PM.xcarchive/Products/Applications/Set.app/Frameworks/libswiftos.dylib'>'> to: /var/folders/2g/jdnl3zx17g73m4_0r599rlk00000gn/T/XcodeDistPipeline.s1P/entitlementsEm0xPe
2019-03-01 01:46:32 +0000  Running /usr/bin/codesign '-vvv' '--force' '--sign' '1FAAF939D2B4BBA6D737D41E2B742441F1C99F53' '--preserve-metadata=identifier,flags' '--entitlements' '/var/folders/2g/jdnl3zx17g73m4_0r599rlk00000gn/T/XcodeDistPipeline.s1P/entitlementsEm0xPe' '/var/folders/2g/jdnl3zx17g73m4_0r599rlk00000gn/T/XcodeDistPipeline.s1P/Root/Payload/Set.app/Frameworks/libswiftos.dylib'
2019-03-01 01:46:32 +0000  /var/folders/2g/jdnl3zx17g73m4_0r599rlk00000gn/T/XcodeDistPipeline.s1P/Root/Payload/Set.app/Frameworks/libswiftos.dylib: signed Mach-O universal (armv7 armv7s arm64) [com.apple.dt.runtime.swiftos]
2019-03-01 01:46:32 +0000  
2019-03-01 01:46:32 +0000  
2019-03-01 01:46:32 +0000  
2019-03-01 01:46:32 +0000  
2019-03-01 01:46:32 +0000  /usr/bin/codesign exited with 02019-03-01 01:46:32 +0000  

2019-03-01 01:46:32 +0000  Entitlements for <IDEDistributionItem: 0x7fd845484150 'edu-SJSU-CMPE137.Set' '<DVTFilePath:0x7fd849eb5820:'/Users/jessica/Library/Developer/Xcode/Archives/2019-02-28/Set 2-28-19, 5.46 PM.xcarchive/Products/Applications/Set.app'>'>: {
    "application-identifier" = "6WA6Y7KBQJ.edu-SJSU-CMPE137.Set";
    "com.apple.developer.team-identifier" = 6WA6Y7KBQJ;
    "get-task-allow" = 1;
    "keychain-access-groups" =     (
        "6WA6Y7KBQJ.edu-SJSU-CMPE137.Set"
    );
}
2019-03-01 01:46:32 +0000  Writing entitlements for <IDEDistributionItem: 0x7fd845484150 'edu-SJSU-CMPE137.Set' '<DVTFilePath:0x7fd849eb5820:'/Users/jessica/Library/Developer/Xcode/Archives/2019-02-28/Set 2-28-19, 5.46 PM.xcarchive/Products/Applications/Set.app'>'> to: /var/folders/2g/jdnl3zx17g73m4_0r599rlk00000gn/T/XcodeDistPipeline.s1P/entitlementsGXu80K
2019-03-01 01:46:32 +0000  Running /usr/bin/codesign '-vvv' '--force' '--sign' '1FAAF939D2B4BBA6D737D41E2B742441F1C99F53' '--preserve-metadata=identifier,flags' '--entitlements' '/var/folders/2g/jdnl3zx17g73m4_0r599rlk00000gn/T/XcodeDistPipeline.s1P/entitlementsGXu80K' '/var/folders/2g/jdnl3zx17g73m4_0r599rlk00000gn/T/XcodeDistPipeline.s1P/Root/Payload/Set.app'
2019-03-01 01:46:33 +0000  /var/folders/2g/jdnl3zx17g73m4_0r599rlk00000gn/T/XcodeDistPipeline.s1P/Root/Payload/Set.app: signed app bundle with Mach-O thin (arm64) [edu-SJSU-CMPE137.Set]
2019-03-01 01:46:33 +0000  
2019-03-01 01:46:33 +0000  2019-03-01 01:46:33 +0000  /usr/bin/codesign exited with 0
2019-03-01 01:46:33 +0000  

2019-03-01 01:46:33 +0000  Processing step: IDEDistributionStreamingZipItemStep
2019-03-01 01:46:33 +0000  Skipping step: IDEDistributionStreamingZipItemStep because it said so
2019-03-01 01:46:33 +0000  Skipping step: IDEDistributionStreamingZipItemStep because it said so
2019-03-01 01:46:33 +0000  Skipping step: IDEDistributionStreamingZipItemStep because it said so
2019-03-01 01:46:33 +0000  Skipping step: IDEDistributionStreamingZipItemStep because it said so
2019-03-01 01:46:33 +0000  Skipping step: IDEDistributionStreamingZipItemStep because it said so
2019-03-01 01:46:33 +0000  Skipping step: IDEDistributionStreamingZipItemStep because it said so
2019-03-01 01:46:33 +0000  Skipping step: IDEDistributionStreamingZipItemStep because it said so
2019-03-01 01:46:33 +0000  Skipping step: IDEDistributionStreamingZipItemStep because it said so
2019-03-01 01:46:33 +0000  Skipping step: IDEDistributionStreamingZipItemStep because it said so
2019-03-01 01:46:33 +0000  Skipping step: IDEDistributionStreamingZipItemStep because it said so
2019-03-01 01:46:33 +0000  Skipping step: IDEDistributionStreamingZipItemStep because it said so
2019-03-01 01:46:33 +0000  Skipping step: IDEDistributionStreamingZipItemStep because it said so
2019-03-01 01:46:33 +0000  Skipping step: IDEDistributionStreamingZipItemStep because it said so
2019-03-01 01:46:33 +0000  Processing step: IDEDistributionCreateIPAStep
2019-03-01 01:46:33 +0000  Running /usr/bin/ditto '-V' '-c' '-k' '--norsrc' '/var/folders/2g/jdnl3zx17g73m4_0r599rlk00000gn/T/XcodeDistPipeline.s1P/Root' '/var/folders/2g/jdnl3zx17g73m4_0r599rlk00000gn/T/XcodeDistPipeline.s1P/Packages/Set.ipa'
2019-03-01 01:46:33 +0000  >>> Copying /var/folders/2g/jdnl3zx17g73m4_0r599rlk00000gn/T/XcodeDistPipeline.s1P/Root 
2019-03-01 01:46:33 +0000  copying file ./Payload/Set.app/_CodeSignature/CodeResources ... 
2019-03-01 01:46:33 +0000  6917 bytes for ./Payload/Set.app/_CodeSignature/CodeResources
2019-03-01 01:46:33 +0000  copying file ./Payload/Set.app/Base.lproj/Main.storyboardc/UIViewController-BYZ-38-t0r.nib ... 
2019-03-01 01:46:33 +0000  974 bytes for ./Payload/Set.app/Base.lproj/Main.storyboardc/UIViewController-BYZ-38-t0r.nib
2019-03-01 01:46:33 +0000  copying file ./Payload/Set.app/Base.lproj/Main.storyboardc/BYZ-38-t0r-view-8bC-Xf-vdC.nib ... 
2019-03-01 01:46:33 +0000  16036 bytes for ./Payload/Set.app/Base.lproj/Main.storyboardc/BYZ-38-t0r-view-8bC-Xf-vdC.nib
2019-03-01 01:46:33 +0000  copying file ./Payload/Set.app/Base.lproj/Main.storyboardc/Info.plist ... 
258 bytes for ./Payload/Set.app/Base.lproj/Main.storyboardc/Info.plist
copying file ./Payload/Set.app/Base.lproj/LaunchScreen.storyboardc/01J-lp-oVM-view-Ze5-6b-2t3.nib ... 
2019-03-01 01:46:33 +0000  1136 bytes for ./Payload/Set.app/Base.lproj/LaunchScreen.storyboardc/01J-lp-oVM-view-Ze5-6b-2t3.nib
copying file ./Payload/Set.app/Base.lproj/LaunchScreen.storyboardc/UIViewController-01J-lp-oVM.nib ... 
2019-03-01 01:46:33 +0000  832 bytes for ./Payload/Set.app/Base.lproj/LaunchScreen.storyboardc/UIViewController-01J-lp-oVM.nib
copying file ./Payload/Set.app/Base.lproj/LaunchScreen.storyboardc/Info.plist ... 
258 bytes for ./Payload/Set.app/Base.lproj/LaunchScreen.storyboardc/Info.plist
2019-03-01 01:46:33 +0000  copying file ./Payload/Set.app/Set ... 
2019-03-01 01:46:33 +0000  114752 bytes for ./Payload/Set.app/Set
2019-03-01 01:46:33 +0000  copying file ./Payload/Set.app/Frameworks/libswiftCoreImage.dylib ... 
2019-03-01 01:46:33 +0000  251040 bytes for ./Payload/Set.app/Frameworks/libswiftCoreImage.dylib
copying file ./Payload/Set.app/Frameworks/libswiftObjectiveC.dylib ... 
2019-03-01 01:46:33 +0000  300064 bytes for ./Payload/Set.app/Frameworks/libswiftObjectiveC.dylib
copying file ./Payload/Set.app/Frameworks/libswiftCore.dylib ... 
2019-03-01 01:46:33 +0000  18056704 bytes for ./Payload/Set.app/Frameworks/libswiftCore.dylib
2019-03-01 01:46:33 +0000  copying file ./Payload/Set.app/Frameworks/libswiftCoreGraphics.dylib ... 
2019-03-01 01:46:33 +0000  650720 bytes for ./Payload/Set.app/Frameworks/libswiftCoreGraphics.dylib
2019-03-01 01:46:33 +0000  copying file ./Payload/Set.app/Frameworks/libswiftUIKit.dylib ... 
2019-03-01 01:46:33 +0000  460064 bytes for ./Payload/Set.app/Frameworks/libswiftUIKit.dylib
copying file ./Payload/Set.app/Frameworks/libswiftMetal.dylib ... 
2019-03-01 01:46:33 +0000  260816 bytes for ./Payload/Set.app/Frameworks/libswiftMetal.dylib
copying file ./Payload/Set.app/Frameworks/libswiftDispatch.dylib ... 
2019-03-01 01:46:33 +0000  971088 bytes for ./Payload/Set.app/Frameworks/libswiftDispatch.dylib
copying file ./Payload/Set.app/Frameworks/libswiftos.dylib ... 
2019-03-01 01:46:33 +0000  259712 bytes for ./Payload/Set.app/Frameworks/libswiftos.dylib
copying file ./Payload/Set.app/Frameworks/libswiftCoreFoundation.dylib ... 
2019-03-01 01:46:33 +0000  250512 bytes for ./Payload/Set.app/Frameworks/libswiftCoreFoundation.dylib
copying file ./Payload/Set.app/Frameworks/libswiftDarwin.dylib ... 
2019-03-01 01:46:33 +0000  403856 bytes for ./Payload/Set.app/Frameworks/libswiftDarwin.dylib
copying file ./Payload/Set.app/Frameworks/libswiftQuartzCore.dylib ... 
2019-03-01 01:46:33 +0000  254032 bytes for ./Payload/Set.app/Frameworks/libswiftQuartzCore.dylib
copying file ./Payload/Set.app/Frameworks/libswiftFoundation.dylib ... 
2019-03-01 01:46:34 +0000  8568416 bytes for ./Payload/Set.app/Frameworks/libswiftFoundation.dylib
copying file ./Payload/Set.app/embedded.mobileprovision ... 
2019-03-01 01:46:34 +0000  13410 bytes for ./Payload/Set.app/embedded.mobileprovision
copying file ./Payload/Set.app/Info.plist ... 
2019-03-01 01:46:34 +0000  1104 bytes for ./Payload/Set.app/Info.plist
2019-03-01 01:46:34 +0000  copying file ./Payload/Set.app/PkgInfo ... 
2019-03-01 01:46:34 +0000  8 bytes for ./Payload/Set.app/PkgInfo
2019-03-01 01:46:34 +0000  
2019-03-01 01:46:34 +0000  
2019-03-01 01:46:34 +0000  /usr/bin/ditto exited with 0
2019-03-01 01:46:34 +0000  
2019-03-01 01:46:34 +0000  Processing step: IDEDistributionCreateManifestStep
